# JRE version: Java(TM) SE Runtime Environment (8.0_221-b11) (build 1.8.0_221-b11)
# Java VM: Java HotSpot(TM) 64-Bit Server VM (25.221-b11 mixed mode windows-amd64 compressed oops)
Heap:
 PSYoungGen      total 167936K, used 102490K [0x0000000760000000, 0x000000076b400000, 0x00000007c0000000)
  eden space 154624K, 58% used [0x0000000760000000,0x0000000765865118,0x0000000769700000)
  from space 13312K, 89% used [0x000000076a600000,0x000000076b1b1a18,0x000000076b300000)
  to   space 14848K, 0% used [0x0000000769700000,0x0000000769700000,0x000000076a580000)
 ParOldGen       total 58880K, used 15947K [0x00000006a0000000, 0x00000006a3980000, 0x0000000760000000)
  object space 58880K, 27% used [0x00000006a0000000,0x00000006a0f92d00,0x00000006a3980000)
 Metaspace       used 47956K, capacity 49918K, committed 50176K, reserved 1091584K
  class space    used 6601K, capacity 7107K, committed 7168K, reserved 1048576K
GC Heap History (10 events):
Event: 60.890 GC heap before
{Heap before GC invocations=10 (full 1):
 PSYoungGen      total 73216K, used 67276K [0x0000000760000000, 0x0000000765300000, 0x00000007c0000000)
  eden space 63488K, 100% used [0x0000000760000000,0x0000000763e00000,0x0000000763e00000)
  from space 9728K, 38% used [0x0000000764980000,0x0000000764d33020,0x0000000765300000)
  to   space 10752K, 0% used [0x0000000763e00000,0x0000000763e00000,0x0000000764880000)
 ParOldGen       total 45568K, used 6570K [0x00000006a0000000, 0x00000006a2c80000, 0x0000000760000000)
  object space 45568K, 14% used [0x00000006a0000000,0x00000006a066aa10,0x00000006a2c80000)
 Metaspace       used 30762K, capacity 31610K, committed 31744K, reserved 1077248K
  class space    used 4247K, capacity 4499K, committed 4608K, reserved 1048576K
Event: 61.393 GC heap after
Heap after GC invocations=10 (full 1):
 PSYoungGen      total 74240K, used 9106K [0x0000000760000000, 0x0000000767880000, 0x00000007c0000000)
  eden space 63488K, 0% used [0x0000000760000000,0x0000000760000000,0x0000000763e00000)
  from space 10752K, 84% used [0x0000000763e00000,0x00000007646e4b50,0x0000000764880000)
  to   space 11776K, 0% used [0x0000000766d00000,0x0000000766d00000,0x0000000767880000)
 ParOldGen       total 45568K, used 6578K [0x00000006a0000000, 0x00000006a2c80000, 0x0000000760000000)
  object space 45568K, 14% used [0x00000006a0000000,0x00000006a066ca10,0x00000006a2c80000)
 Metaspace       used 30762K, capacity 31610K, committed 31744K, reserved 1077248K
  class space    used 4247K, capacity 4499K, committed 4608K, reserved 1048576K
}
Event: 64.485 GC heap before
{Heap before GC invocations=11 (full 1):
 PSYoungGen      total 74240K, used 72594K [0x0000000760000000, 0x0000000767880000, 0x00000007c0000000)
  eden space 63488K, 100% used [0x0000000760000000,0x0000000763e00000,0x0000000763e00000)
  from space 10752K, 84% used [0x0000000763e00000,0x00000007646e4b50,0x0000000764880000)
  to   space 11776K, 0% used [0x0000000766d00000,0x0000000766d00000,0x0000000767880000)
 ParOldGen       total 45568K, used 6578K [0x00000006a0000000, 0x00000006a2c80000, 0x0000000760000000)
  object space 45568K, 14% used [0x00000006a0000000,0x00000006a066ca10,0x00000006a2c80000)
 Metaspace       used 33803K, capacity 34826K, committed 35072K, reserved 1079296K
  class space    used 4759K, capacity 5050K, committed 5120K, reserved 1048576K
Event: 66.204 GC heap after
Heap after GC invocations=11 (full 1):
 PSYoungGen      total 110592K, used 10732K [0x0000000760000000, 0x0000000767b80000, 0x00000007c0000000)
  eden space 98816K, 0% used [0x0000000760000000,0x0000000760000000,0x0000000766080000)
  from space 11776K, 91% used [0x0000000766d00000,0x000000076777b0a8,0x0000000767880000)
  to   space 12800K, 0% used [0x0000000766080000,0x0000000766080000,0x0000000766d00000)
 ParOldGen       total 45568K, used 7644K [0x00000006a0000000, 0x00000006a2c80000, 0x0000000760000000)
  object space 45568K, 16% used [0x00000006a0000000,0x00000006a0777140,0x00000006a2c80000)
 Metaspace       used 33803K, capacity 34826K, committed 35072K, reserved 1079296K
  class space    used 4759K, capacity 5050K, committed 5120K, reserved 1048576K
}
Event: 66.347 GC heap before
{Heap before GC invocations=12 (full 1):
 PSYoungGen      total 110592K, used 20252K [0x0000000760000000, 0x0000000767b80000, 0x00000007c0000000)
  eden space 98816K, 9% used [0x0000000760000000,0x000000076094c108,0x0000000766080000)
  from space 11776K, 91% used [0x0000000766d00000,0x000000076777b0a8,0x0000000767880000)
  to   space 12800K, 0% used [0x0000000766080000,0x0000000766080000,0x0000000766d00000)
 ParOldGen       total 45568K, used 7644K [0x00000006a0000000, 0x00000006a2c80000, 0x0000000760000000)
  object space 45568K, 16% used [0x00000006a0000000,0x00000006a0777140,0x00000006a2c80000)
 Metaspace       used 34301K, capacity 35316K, committed 35496K, reserved 1079296K
  class space    used 4825K, capacity 5105K, committed 5120K, reserved 1048576K
Event: 66.448 GC heap after
Heap after GC invocations=12 (full 1):
 PSYoungGen      total 111616K, used 816K [0x0000000760000000, 0x000000076b300000, 0x00000007c0000000)
  eden space 98816K, 0% used [0x0000000760000000,0x0000000760000000,0x0000000766080000)
  from space 12800K, 6% used [0x0000000766080000,0x000000076614c2b8,0x0000000766d00000)
  to   space 13312K, 0% used [0x000000076a600000,0x000000076a600000,0x000000076b300000)
 ParOldGen       total 45568K, used 15598K [0x00000006a0000000, 0x00000006a2c80000, 0x0000000760000000)
  object space 45568K, 34% used [0x00000006a0000000,0x00000006a0f3bbb0,0x00000006a2c80000)
 Metaspace       used 34301K, capacity 35316K, committed 35496K, reserved 1079296K
  class space    used 4825K, capacity 5105K, committed 5120K, reserved 1048576K
}
Event: 66.448 GC heap before
{Heap before GC invocations=13 (full 2):
 PSYoungGen      total 111616K, used 816K [0x0000000760000000, 0x000000076b300000, 0x00000007c0000000)
  eden space 98816K, 0% used [0x0000000760000000,0x0000000760000000,0x0000000766080000)
  from space 12800K, 6% used [0x0000000766080000,0x000000076614c2b8,0x0000000766d00000)
  to   space 13312K, 0% used [0x000000076a600000,0x000000076a600000,0x000000076b300000)
 ParOldGen       total 45568K, used 15598K [0x00000006a0000000, 0x00000006a2c80000, 0x0000000760000000)
  object space 45568K, 34% used [0x00000006a0000000,0x00000006a0f3bbb0,0x00000006a2c80000)
 Metaspace       used 34301K, capacity 35316K, committed 35496K, reserved 1079296K
  class space    used 4825K, capacity 5105K, committed 5120K, reserved 1048576K
Event: 67.447 GC heap after
Heap after GC invocations=13 (full 2):
 PSYoungGen      total 111616K, used 0K [0x0000000760000000, 0x000000076b300000, 0x00000007c0000000)
  eden space 98816K, 0% used [0x0000000760000000,0x0000000760000000,0x0000000766080000)
  from space 12800K, 0% used [0x0000000766080000,0x0000000766080000,0x0000000766d00000)
  to   space 13312K, 0% used [0x000000076a600000,0x000000076a600000,0x000000076b300000)
 ParOldGen       total 58880K, used 15939K [0x00000006a0000000, 0x00000006a3980000, 0x0000000760000000)
  object space 58880K, 27% used [0x00000006a0000000,0x00000006a0f90d00,0x00000006a3980000)
 Metaspace       used 34301K, capacity 35316K, committed 35496K, reserved 1079296K
  class space    used 4825K, capacity 5105K, committed 5120K, reserved 1048576K
}
Event: 73.370 GC heap before
{Heap before GC invocations=14 (full 2):
 PSYoungGen      total 111616K, used 98816K [0x0000000760000000, 0x000000076b300000, 0x00000007c0000000)
  eden space 98816K, 100% used [0x0000000760000000,0x0000000766080000,0x0000000766080000)
  from space 12800K, 0% used [0x0000000766080000,0x0000000766080000,0x0000000766d00000)
  to   space 13312K, 0% used [0x000000076a600000,0x000000076a600000,0x000000076b300000)
 ParOldGen       total 58880K, used 15939K [0x00000006a0000000, 0x00000006a3980000, 0x0000000760000000)
  object space 58880K, 27% used [0x00000006a0000000,0x00000006a0f90d00,0x00000006a3980000)
 Metaspace       used 42925K, capacity 44692K, committed 44800K, reserved 1087488K
  class space    used 5943K, capacity 6383K, committed 6400K, reserved 1048576K
Event: 73.532 GC heap after
Heap after GC invocations=14 (full 2):
 PSYoungGen      total 167936K, used 11974K [0x0000000760000000, 0x000000076b400000, 0x00000007c0000000)
  eden space 154624K, 0% used [0x0000000760000000,0x0000000760000000,0x0000000769700000)
  from space 13312K, 89% used [0x000000076a600000,0x000000076b1b1a18,0x000000076b300000)
  to   space 14848K, 0% used [0x0000000769700000,0x0000000769700000,0x000000076a580000)
 ParOldGen       total 58880K, used 15947K [0x00000006a0000000, 0x00000006a3980000, 0x0000000760000000)
  object space 58880K, 27% used [0x00000006a0000000,0x00000006a0f92d00,0x00000006a3980000)
 Metaspace       used 42925K, capacity 44692K, committed 44800K, reserved 1087488K
  class space    used 5943K, capacity 6383K, committed 6400K, reserved 1048576K
}

